This file contains any messages produced by compilers while
running configure, to aid debugging if configure makes a mistake.

It was created by ASLib configure 0.0.1, which was
generated by GNU Autoconf 2.69.  Invocation command line was

  $ ./configure --prefix=/home/jsang/workspace/as/ASLib --disable-allwarning

## --------- ##
## Platform. ##
## --------- ##

hostname = DESKTOP-96HPH3G
uname -m = x86_64
uname -r = 4.19.128-microsoft-standard
uname -s = Linux
uname -v = #1 SMP Tue Jun 23 12:58:10 UTC 2020

/usr/bin/uname -p = x86_64
/bin/uname -X     = unknown

/bin/arch              = x86_64
/usr/bin/arch -k       = unknown
/usr/convex/getsysinfo = unknown
/usr/bin/hostinfo      = unknown
/bin/machine           = unknown
/usr/bin/oslevel       = unknown
/bin/universe          = unknown

PATH: /home/jsang/.vscode-server/bin/ea3859d4ba2f3e577a159bc91e3074c5d85c0523/bin
PATH: /usr/local/sbin
PATH: /usr/local/bin
PATH: /usr/sbin
PATH: /usr/bin
PATH: /sbin
PATH: /bin
PATH: /usr/games
PATH: /usr/local/games
PATH: /mnt/c/Program Files/Python37/Scripts/
PATH: /mnt/c/Program Files/Python37/
PATH: /mnt/c/WINDOWS/system32
PATH: /mnt/c/WINDOWS
PATH: /mnt/c/WINDOWS/System32/Wbem
PATH: /mnt/c/WINDOWS/System32/WindowsPowerShell/v1.0/
PATH: /mnt/c/WINDOWS/System32/OpenSSH/
PATH: /mnt/c/Program Files (x86)/SecureCRT/
PATH: /mnt/c/Program Files/Git/cmd
PATH: /mnt/c/Program Files/Calibre2/
PATH: /mnt/c/Users/Sang He/AppData/Roaming/Python/Python36/Scripts/
PATH: /mnt/c/Users/Sang He/AppData/Roaming/Python/Python37/Scripts/
PATH: /mnt/c/Go/bin
PATH: /mnt/c/Program Files/nodejs/
PATH: /mnt/c/ProgramData/chocolatey/bin
PATH: /mnt/c/Users/Sang He/AppData/Local/Microsoft/WindowsApps
PATH: /mnt/c/Program Files/mingw64/bin
PATH: /mnt/c/go/bin
PATH: /mnt/c/Users/Sang He/AppData/Roaming/npm
PATH: /mnt/c/Users/Sang He/go/bin
PATH: /mnt/c/Users/Sang He/AppData/Local/GitHubDesktop/bin
PATH: /snap/bin


## ----------- ##
## Core tests. ##
## ----------- ##

configure:1915: checking for a BSD-compatible install
configure:1983: result: /usr/bin/install -c
configure:1994: checking whether build environment is sane
configure:2049: result: yes
configure:2198: checking for a thread-safe mkdir -p
configure:2237: result: /usr/bin/mkdir -p
configure:2244: checking for gawk
configure:2260: found /usr/bin/gawk
configure:2271: result: gawk
configure:2282: checking whether make sets $(MAKE)
configure:2304: result: yes
configure:2333: checking whether make supports nested variables
configure:2350: result: yes
configure:2483: checking build system type
configure:2497: result: x86_64-pc-linux-gnu
configure:2517: checking host system type
configure:2530: result: x86_64-pc-linux-gnu
configure:2562: checking whether make supports nested variables
configure:2579: result: yes
configure:2667: checking for gcc
configure:2683: found /usr/bin/gcc
configure:2694: result: gcc
configure:2923: checking for C compiler version
configure:2932: gcc --version >&5
gcc (Ubuntu 9.3.0-10ubuntu2) 9.3.0
Copyright (C) 2019 Free Software Foundation, Inc.
This is free software; see the source for copying conditions.  There is NO
warranty; not even for MERCHANTABILITY or FITNESS FOR A PARTICULAR PURPOSE.

configure:2943: $? = 0
configure:2932: gcc -v >&5
Using built-in specs.
COLLECT_GCC=gcc
COLLECT_LTO_WRAPPER=/usr/lib/gcc/x86_64-linux-gnu/9/lto-wrapper
OFFLOAD_TARGET_NAMES=nvptx-none:hsa
OFFLOAD_TARGET_DEFAULT=1
Target: x86_64-linux-gnu
Configured with: ../src/configure -v --with-pkgversion='Ubuntu 9.3.0-10ubuntu2' --with-bugurl=file:///usr/share/doc/gcc-9/README.Bugs --enable-languages=c,ada,c++,go,brig,d,fortran,objc,obj-c++,gm2 --prefix=/usr --with-gcc-major-version-only --program-suffix=-9 --program-prefix=x86_64-linux-gnu- --enable-shared --enable-linker-build-id --libexecdir=/usr/lib --without-included-gettext --enable-threads=posix --libdir=/usr/lib --enable-nls --enable-clocale=gnu --enable-libstdcxx-debug --enable-libstdcxx-time=yes --with-default-libstdcxx-abi=new --enable-gnu-unique-object --disable-vtable-verify --enable-plugin --enable-default-pie --with-system-zlib --with-target-system-zlib=auto --enable-objc-gc=auto --enable-multiarch --disable-werror --with-arch-32=i686 --with-abi=m64 --with-multilib-list=m32,m64,mx32 --enable-multilib --with-tune=generic --enable-offload-targets=nvptx-none,hsa --without-cuda-driver --enable-checking=release --build=x86_64-linux-gnu --host=x86_64-linux-gnu --target=x86_64-linux-gnu
Thread model: posix
gcc version 9.3.0 (Ubuntu 9.3.0-10ubuntu2) 
configure:2943: $? = 0
configure:2932: gcc -V >&5
gcc: error: unrecognized command line option '-V'
gcc: fatal error: no input files
compilation terminated.
configure:2943: $? = 1
configure:2932: gcc -qversion >&5
gcc: error: unrecognized command line option '-qversion'; did you mean '--version'?
gcc: fatal error: no input files
compilation terminated.
configure:2943: $? = 1
configure:2963: checking whether the C compiler works
configure:2985: gcc    conftest.c  >&5
configure:2989: $? = 0
configure:3037: result: yes
configure:3040: checking for C compiler default output file name
configure:3042: result: a.out
configure:3048: checking for suffix of executables
configure:3055: gcc -o conftest    conftest.c  >&5
configure:3059: $? = 0
configure:3081: result: 
configure:3103: checking whether we are cross compiling
configure:3111: gcc -o conftest    conftest.c  >&5
configure:3115: $? = 0
configure:3122: ./conftest
configure:3126: $? = 0
configure:3114: result: no
configure:3119: checking for suffix of object files
configure:3141: gcc -c   conftest.c >&5
configure:3145: $? = 0
configure:3166: result: o
configure:3170: checking whether we are using the GNU C compiler
configure:3189: gcc -c   conftest.c >&5
configure:3189: $? = 0
configure:3198: result: yes
configure:3207: checking whether gcc accepts -g
configure:3227: gcc -c -g  conftest.c >&5
configure:3227: $? = 0
configure:3268: result: yes
configure:3285: checking for gcc option to accept ISO C89
configure:3348: gcc  -c -g -O2  conftest.c >&5
configure:3348: $? = 0
configure:3361: result: none needed
configure:3386: checking whether gcc understands -c and -o together
configure:3408: gcc -c conftest.c -o conftest2.o
configure:3411: $? = 0
configure:3408: gcc -c conftest.c -o conftest2.o
configure:3411: $? = 0
configure:3423: result: yes
configure:3443: checking whether make supports the include directive
configure:3458: make -f confmf.GNU && cat confinc.out
this is the am__doit target
configure:3461: $? = 0
configure:3480: result: yes (GNU style)
configure:3505: checking dependency style of gcc
configure:3616: result: gcc3
configure:3639: checking how to run the C preprocessor
configure:3670: gcc -E  conftest.c
configure:3670: $? = 0
configure:3684: gcc -E  conftest.c
conftest.c:13:10: fatal error: ac_nonexistent.h: No such file or directory
   13 | #include <ac_nonexistent.h>
      |          ^~~~~~~~~~~~~~~~~~
compilation terminated.
configure:3684: $? = 1
configure: failed program was:
| /* confdefs.h */
| #define PACKAGE_NAME "ASLib"
| #define PACKAGE_TARNAME "ASLib"
| #define PACKAGE_VERSION "0.0.1"
| #define PACKAGE_STRING "ASLib 0.0.1"
| #define PACKAGE_BUGREPORT "sanghe@163.com"
| #define PACKAGE_URL ""
| #define PACKAGE "ASLib"
| #define VERSION "0.0.1"
| #define PLAT_LINUX /**/
| #define HOST_NAME "x86_64-pc-linux-gnu"
| /* end confdefs.h.  */
| #include <ac_nonexistent.h>
configure:3709: result: gcc -E
configure:3729: gcc -E  conftest.c
configure:3729: $? = 0
configure:3743: gcc -E  conftest.c
conftest.c:13:10: fatal error: ac_nonexistent.h: No such file or directory
   13 | #include <ac_nonexistent.h>
      |          ^~~~~~~~~~~~~~~~~~
compilation terminated.
configure:3743: $? = 1
configure: failed program was:
| /* confdefs.h */
| #define PACKAGE_NAME "ASLib"
| #define PACKAGE_TARNAME "ASLib"
| #define PACKAGE_VERSION "0.0.1"
| #define PACKAGE_STRING "ASLib 0.0.1"
| #define PACKAGE_BUGREPORT "sanghe@163.com"
| #define PACKAGE_URL ""
| #define PACKAGE "ASLib"
| #define VERSION "0.0.1"
| #define PLAT_LINUX /**/
| #define HOST_NAME "x86_64-pc-linux-gnu"
| /* end confdefs.h.  */
| #include <ac_nonexistent.h>
configure:3772: checking whether make sets $(MAKE)
configure:3794: result: yes
configure:3846: checking for ar
configure:3862: found /usr/bin/ar
configure:3873: result: ar
configure:3938: checking for ranlib
configure:3954: found /usr/bin/ranlib
configure:3965: result: ranlib
configure:4090: checking the archiver (ar) interface
configure:4106: gcc -c -g -O2 -Wall  conftest.c >&5
configure:4106: $? = 0
configure:4108: ar cru libconftest.a conftest.o >&5
ar: `u' modifier ignored since `D' is the default (see `U')
configure:4111: $? = 0
configure:4110: result: ar
configure:4173: checking for ranlib
configure:4200: result: ranlib
configure:4271: checking whether have libxml2 support
configure:4285: gcc -c -g -O2 -Wall -I/usr/include/libxml2 -L/lib/x86_64-linux-gnu  conftest.c >&5
configure:4285: $? = 0
configure:4286: result: yes
configure:4407: checking that generated files are newer than configure
configure:4413: result: done
configure:4436: creating ./config.status

## ---------------------- ##
## Running config.status. ##
## ---------------------- ##

This file was extended by ASLib config.status 0.0.1, which was
generated by GNU Autoconf 2.69.  Invocation command line was

  CONFIG_FILES    = 
  CONFIG_HEADERS  = 
  CONFIG_LINKS    = 
  CONFIG_COMMANDS = 
  $ ./config.status 

on DESKTOP-96HPH3G

config.status:866: creating Makefile
config.status:866: creating aslib/Makefile
config.status:866: creating asframework/Makefile
config.status:866: creating asdatastructure/Makefile
config.status:866: creating asalgorithm/Makefile
config.status:866: creating config.h
config.status:1095: executing depfiles commands
config.status:1172: cd aslib       && sed -e '/# am--include-marker/d' Makefile         | make -f - am--depfiles
config.status:1177: $? = 0
config.status:1172: cd asframework       && sed -e '/# am--include-marker/d' Makefile         | make -f - am--depfiles
config.status:1177: $? = 0
config.status:1172: cd asdatastructure       && sed -e '/# am--include-marker/d' Makefile         | make -f - am--depfiles
config.status:1177: $? = 0
config.status:1172: cd asalgorithm       && sed -e '/# am--include-marker/d' Makefile         | make -f - am--depfiles
config.status:1177: $? = 0

## ---------------- ##
## Cache variables. ##
## ---------------- ##

ac_cv_build=x86_64-pc-linux-gnu
ac_cv_c_compiler_gnu=yes
ac_cv_env_CC_set=
ac_cv_env_CC_value=
ac_cv_env_CFLAGS_set=
ac_cv_env_CFLAGS_value=
ac_cv_env_CPPFLAGS_set=
ac_cv_env_CPPFLAGS_value=
ac_cv_env_CPP_set=
ac_cv_env_CPP_value=
ac_cv_env_LDFLAGS_set=
ac_cv_env_LDFLAGS_value=
ac_cv_env_LIBS_set=
ac_cv_env_LIBS_value=
ac_cv_env_build_alias_set=
ac_cv_env_build_alias_value=
ac_cv_env_host_alias_set=
ac_cv_env_host_alias_value=
ac_cv_env_target_alias_set=
ac_cv_env_target_alias_value=
ac_cv_host=x86_64-pc-linux-gnu
ac_cv_objext=o
ac_cv_path_install='/usr/bin/install -c'
ac_cv_path_mkdir=/usr/bin/mkdir
ac_cv_prog_AWK=gawk
ac_cv_prog_CPP='gcc -E'
ac_cv_prog_ac_ct_AR=ar
ac_cv_prog_ac_ct_CC=gcc
ac_cv_prog_ac_ct_RANLIB=ranlib
ac_cv_prog_cc_c89=
ac_cv_prog_cc_g=yes
ac_cv_prog_make_make_set=yes
am_cv_CC_dependencies_compiler_type=gcc3
am_cv_ar_interface=ar
am_cv_make_support_nested_variables=yes
am_cv_prog_cc_c_o=yes

## ----------------- ##
## Output variables. ##
## ----------------- ##

ACLOCAL='${SHELL} /home/jsang/workspace/as/missing aclocal-1.16'
ALGORITHM='asalgorithm'
AMDEPBACKSLASH='\'
AMDEP_FALSE='#'
AMDEP_TRUE=''
AMTAR='$${TAR-tar}'
AM_BACKSLASH='\'
AM_DEFAULT_V='$(AM_DEFAULT_VERBOSITY)'
AM_DEFAULT_VERBOSITY='0'
AM_V='$(V)'
AR='ar'
AUTOCONF='${SHELL} /home/jsang/workspace/as/missing autoconf'
AUTOHEADER='${SHELL} /home/jsang/workspace/as/missing autoheader'
AUTOMAKE='${SHELL} /home/jsang/workspace/as/missing automake-1.16'
AWK='gawk'
CC='gcc'
CCDEPMODE='depmode=gcc3'
CFLAGS='-g -O2 -Wall -I/usr/include/libxml2 -L/lib/x86_64-linux-gnu'
CPP='gcc -E'
CPPFLAGS=''
CYGPATH_W='echo'
DATASTRUCTURE='asdatastructure'
DEFS='-DHAVE_CONFIG_H'
DEPDIR='.deps'
ECHO_C=''
ECHO_N='-n'
ECHO_T=''
EXEEXT=''
FRAMEWORK='asframework'
INSTALL_DATA='${INSTALL} -m 644'
INSTALL_PROGRAM='${INSTALL}'
INSTALL_SCRIPT='${INSTALL}'
INSTALL_STRIP_PROGRAM='$(install_sh) -c -s'
IXML='/usr/include/libxml2'
LDFLAGS=''
LIB='aslib'
LIBOBJS=''
LIBS=''
LTLIBOBJS=''
LXML='/lib/x86_64-linux-gnu'
MAKEINFO='${SHELL} /home/jsang/workspace/as/missing makeinfo'
MKDIR_P='/usr/bin/mkdir -p'
OBJEXT='o'
PACKAGE='ASLib'
PACKAGE_BUGREPORT='sanghe@163.com'
PACKAGE_NAME='ASLib'
PACKAGE_STRING='ASLib 0.0.1'
PACKAGE_TARNAME='ASLib'
PACKAGE_URL=''
PACKAGE_VERSION='0.0.1'
PATH_SEPARATOR=':'
RANLIB='ranlib'
SET_MAKE=''
SHELL='/bin/bash'
STRIP=''
VERSION='0.0.1'
ac_ct_AR='ar'
ac_ct_CC='gcc'
am__EXEEXT_FALSE=''
am__EXEEXT_TRUE='#'
am__fastdepCC_FALSE='#'
am__fastdepCC_TRUE=''
am__include='include'
am__isrc=''
am__leading_dot='.'
am__nodep='_no'
am__quote=''
am__tar='$${TAR-tar} chof - "$$tardir"'
am__untar='$${TAR-tar} xf -'
bindir='${exec_prefix}/bin'
build='x86_64-pc-linux-gnu'
build_alias=''
build_cpu='x86_64'
build_os='linux-gnu'
build_vendor='pc'
datadir='${datarootdir}'
datarootdir='${prefix}/share'
docdir='${datarootdir}/doc/${PACKAGE_TARNAME}'
dvidir='${docdir}'
exec_prefix='${prefix}'
host='x86_64-pc-linux-gnu'
host_alias=''
host_cpu='x86_64'
host_os='linux-gnu'
host_vendor='pc'
htmldir='${docdir}'
includedir='${prefix}/include'
infodir='${datarootdir}/info'
install_sh='${SHELL} /home/jsang/workspace/as/install-sh'
lasa='../asalgorithm/libasa.a'
lasds='../asdatastructure/libasds.a'
lasfw='../asframework/libasfw.a'
laslib='../aslib/libaslib.a'
libdir='${exec_prefix}/lib'
libexecdir='${exec_prefix}/libexec'
localedir='${datarootdir}/locale'
localstatedir='${prefix}/var'
mandir='${datarootdir}/man'
mkdir_p='$(MKDIR_P)'
oldincludedir='/usr/include'
pdfdir='${docdir}'
prefix='/home/jsang/workspace/as/ASLib'
program_transform_name='s,x,x,'
psdir='${docdir}'
runstatedir='${localstatedir}/run'
sbindir='${exec_prefix}/sbin'
sharedstatedir='${prefix}/com'
sysconfdir='${prefix}/etc'
target_alias=''

## ----------- ##
## confdefs.h. ##
## ----------- ##

/* confdefs.h */
#define PACKAGE_NAME "ASLib"
#define PACKAGE_TARNAME "ASLib"
#define PACKAGE_VERSION "0.0.1"
#define PACKAGE_STRING "ASLib 0.0.1"
#define PACKAGE_BUGREPORT "sanghe@163.com"
#define PACKAGE_URL ""
#define PACKAGE "ASLib"
#define VERSION "0.0.1"
#define PLAT_LINUX /**/
#define HOST_NAME "x86_64-pc-linux-gnu"
#define PATH_SYSCONFDIR "/home/jsang/workspace/as/ASLib/etc"
#define BUILDDATE "01/25/21 22:17:11"

configure: exit 0
